>>>> VERSION <<<<
Fr,  6 Mai 2005 22:58:00 +0200
Linux 2.6.10-B i686
Digital Mars D Compiler v0.100
Copyright (c) 1999-2004 by Digital Mars written by Walter Bright
Documentation: www.digitalmars.com/d/index.html
Usage:
  dmd files.d ... { -switch }

  files.d        D source files
  -c             do not link
  -d             allow deprecated features
  -g             add symbolic debug info
  -gt            add trace profiling hooks
  -v             verbose
  -O             optimize
  -odobjdir      write object files to directory objdir
  -offilename	 name output file to filename
  -op            do not strip paths from source file
  -Ipath         where to look for imports
  -Llinkerflag   pass linkerflag to link
  -debug         compile in debug code
  -debug=level   compile in debug code <= level
  -debug=ident   compile in debug code identified by ident
  -inline        do function inlining
  -release	 compile release version
  -unittest      compile in unit tests
  -version=level compile in version code >= level
  -version=ident compile in version code identified by ident
make: [version] Fehler 1 (ignoriert)
Error: unrecognized switch '--version'
make: [version] Fehler 1 (ignoriert)
<<<< VERSION >>>>
